02:34:39 26/04/2014#Admin#Nguyễn Thiện An#Đăng nhập hệ thống
02:35:07 26/04/2014#Admin#Nguyễn Thiện An#Đăng xuất
02:38:09 26/04/2014#Giáo vụ#Khưu Lê Công#Đăng nhập hệ thống
02:38:36 26/04/2014#Giáo vụ#Khưu Lê Công#Thêm mới trình độ: ThS
02:38:49 26/04/2014#Giáo vụ#Khưu Lê Công#Thêm mới trình độ: TS
02:39:04 26/04/2014#Giáo vụ#Khưu Lê Công#Thêm mới trình độ: CN
02:39:31 26/04/2014#Giáo vụ#Khưu Lê Công#Thêm mới trình độ: PhGS
02:39:45 26/04/2014#Giáo vụ#Khưu Lê Công#Thêm mới trình độ: GS
02:42:07 26/04/2014#Giáo vụ#Khưu Lê Công#Thêm mới giảng viên: GV0001
02:42:27 26/04/2014#Giáo vụ#Khưu Lê Công#Thêm mới giảng viên: GV0002
02:42:53 26/04/2014#Giáo vụ#Khưu Lê Công#Thêm mới giảng viên: GV0003
02:43:27 26/04/2014#Giáo vụ#Khưu Lê Công#Thêm mới giảng viên: GV0004
02:43:47 26/04/2014#Giáo vụ#Khưu Lê Công#Thêm mới giảng viên: GV0005
02:44:12 26/04/2014#Giáo vụ#Khưu Lê Công#Thêm mới giảng viên: GV0006
02:44:38 26/04/2014#Giáo vụ#Khưu Lê Công#Thêm mới giảng viên: GV0007
02:44:51 26/04/2014#Giáo vụ#Khưu Lê Công#Thêm mới giảng viên: GV0008
02:46:21 26/04/2014#Giáo vụ#Khưu Lê Công#Thêm mới giảng viên: GV0009
02:47:02 26/04/2014#Giáo vụ#Khưu Lê Công#Thêm mới giảng viên: GV0010
02:48:40 26/04/2014#Giáo vụ#Khưu Lê Công#Thêm mới phòng học: A101
02:49:35 26/04/2014#Giáo vụ#Khưu Lê Công#Thêm mới phòng học: K101
02:50:01 26/04/2014#Giáo vụ#Khưu Lê Công#Thêm mới phòng học: D201
02:52:06 26/04/2014#Giáo vụ#Khưu Lê Công#Thêm mới phòng học: B303
02:54:00 26/04/2014#Giáo vụ#Khưu Lê Công#Thêm mới phòng học: C505
02:55:04 26/04/2014#Giáo vụ#Khưu Lê Công#Thêm mới phòng học: NMT
02:55:24 26/04/2014#Giáo vụ#Khưu Lê Công#Thêm mới phòng học: NMT02
02:59:19 26/04/2014#Giáo vụ#Khưu Lê Công#Thêm mới phòng học: TN101
02:59:45 26/04/2014#Giáo vụ#Khưu Lê Công#Thêm mới phòng học: HT150A
03:00:13 26/04/2014#Giáo vụ#Khưu Lê Công#Thêm mới phòng học: HT180B
03:00:39 26/04/2014#Giáo vụ#Khưu Lê Công#Thêm mới phòng học: HT600
03:01:16 26/04/2014#Giáo vụ#Khưu Lê Công#Thêm mới phòng học: D202
03:01:40 26/04/2014#Giáo vụ#Khưu Lê Công#Đăng xuất
03:01:43 26/04/2014#Admin#Nguyễn Thiện An#Đăng nhập hệ thống
03:01:46 26/04/2014#Admin#Nguyễn Thiện An#Đăng xuất
03:01:54 26/04/2014#Giáo vụ#Trương Nguyễn Huỳnh Anh#Đăng nhập hệ thống
03:02:29 26/04/2014#Giáo vụ#Trương Nguyễn Huỳnh Anh#Thêm mới ngành học: TH
03:02:47 26/04/2014#Giáo vụ#Trương Nguyễn Huỳnh Anh#Thêm mới ngành học: KT
03:03:04 26/04/2014#Giáo vụ#Trương Nguyễn Huỳnh Anh#Thêm mới ngành học: QR
03:03:29 26/04/2014#Giáo vụ#Trương Nguyễn Huỳnh Anh#Thêm mới ngành học: DS
03:03:57 26/04/2014#Giáo vụ#Trương Nguyễn Huỳnh Anh#Thêm mới ngành học: MT
03:04:23 26/04/2014#Giáo vụ#Trương Nguyễn Huỳnh Anh#Thêm mới ngành học: TS
03:05:50 26/04/2014#Giáo vụ#Trương Nguyễn Huỳnh Anh#Thêm mới môn học: MAX101
03:06:25 26/04/2014#Giáo vụ#Trương Nguyễn Huỳnh Anh#Thêm mới môn học: ENG102
03:07:01 26/04/2014#Giáo vụ#Trương Nguyễn Huỳnh Anh#Thêm mới môn học: PHT101
03:07:33 26/04/2014#Giáo vụ#Trương Nguyễn Huỳnh Anh#Thêm mới môn học: PRS101
03:07:58 26/04/2014#Giáo vụ#Trương Nguyễn Huỳnh Anh#Thêm mới môn học: COS324
03:08:24 26/04/2014#Giáo vụ#Trương Nguyễn Huỳnh Anh#Thêm mới môn học: BUS104
03:08:48 26/04/2014#Giáo vụ#Trương Nguyễn Huỳnh Anh#Thêm mới giảng viên: GV0011
03:09:22 26/04/2014#Giáo vụ#Trương Nguyễn Huỳnh Anh#Thêm mới môn học: COS301
03:10:08 26/04/2014#Giáo vụ#Trương Nguyễn Huỳnh Anh#Thêm mới môn học: COS303
03:10:35 26/04/2014#Giáo vụ#Trương Nguyễn Huỳnh Anh#Thêm mới môn học: COS305
03:11:02 26/04/2014#Giáo vụ#Trương Nguyễn Huỳnh Anh#Thêm mới môn học: COS309
03:12:07 26/04/2014#Giáo vụ#Trương Nguyễn Huỳnh Anh#Thêm mới môn học: COS315
03:12:45 26/04/2014#Giáo vụ#Trương Nguyễn Huỳnh Anh#Thêm mới môn học: SEE502
03:13:30 26/04/2014#Giáo vụ#Trương Nguyễn Huỳnh Anh#Thêm mới môn học: MAT104
03:14:00 26/04/2014#Giáo vụ#Trương Nguyễn Huỳnh Anh#Thêm mới môn học: ACC101
03:14:24 26/04/2014#Giáo vụ#Trương Nguyễn Huỳnh Anh#Thêm mới lớp học: DH12TH
03:14:34 26/04/2014#Giáo vụ#Trương Nguyễn Huỳnh Anh#Thêm mới lớp học: CD37TH
03:14:48 26/04/2014#Giáo vụ#Trương Nguyễn Huỳnh Anh#Thêm mới lớp học: DH13KT
03:14:59 26/04/2014#Giáo vụ#Trương Nguyễn Huỳnh Anh#Thêm mới lớp học: CD36TS
03:15:14 26/04/2014#Giáo vụ#Trương Nguyễn Huỳnh Anh#Thêm mới lớp học: DH13QR
03:15:20 26/04/2014#Giáo vụ#Trương Nguyễn Huỳnh Anh#Thêm mới lớp học: DH13MT
03:15:29 26/04/2014#Giáo vụ#Trương Nguyễn Huỳnh Anh#Thêm mới lớp học: DH13TH
03:15:36 26/04/2014#Giáo vụ#Trương Nguyễn Huỳnh Anh#Thêm mới lớp học: DH14TH
03:15:38 26/04/2014#Giáo vụ#Trương Nguyễn Huỳnh Anh#Thêm mới lớp học: CD38TH
03:15:55 26/04/2014#Giáo vụ#Trương Nguyễn Huỳnh Anh#Thêm mới lớp học: DH16DS
03:16:34 26/04/2014#Giáo vụ#Trương Nguyễn Huỳnh Anh#Thêm mới sinh viên: CTS110001
03:17:08 26/04/2014#Giáo vụ#Trương Nguyễn Huỳnh Anh#Thêm mới sinh viên: CTS110002
03:17:25 26/04/2014#Giáo vụ#Trương Nguyễn Huỳnh Anh#Thêm mới sinh viên: CTS110003
03:17:59 26/04/2014#Giáo vụ#Trương Nguyễn Huỳnh Anh#Thêm mới sinh viên: CTS110004
03:18:27 26/04/2014#Giáo vụ#Trương Nguyễn Huỳnh Anh#Thêm mới sinh viên: CTH120001
03:19:17 26/04/2014#Giáo vụ#Trương Nguyễn Huỳnh Anh#Thêm phân công giảng dạy: PC00001
03:19:28 26/04/2014#Giáo vụ#Trương Nguyễn Huỳnh Anh#Thêm phân công giảng dạy: PC00002
03:19:34 26/04/2014#Giáo vụ#Trương Nguyễn Huỳnh Anh#Thêm phân công giảng dạy: PC00003
03:20:00 26/04/2014#Giáo vụ#Trương Nguyễn Huỳnh Anh#Thêm phân công giảng dạy: PC00004
03:21:17 26/04/2014#Giáo vụ#Trương Nguyễn Huỳnh Anh#Thêm phân công giảng dạy: PC00005
03:21:33 26/04/2014#Giáo vụ#Trương Nguyễn Huỳnh Anh#Thêm phân công giảng dạy: PC00006
03:21:55 26/04/2014#Giáo vụ#Trương Nguyễn Huỳnh Anh#Thêm phân công giảng dạy: PC00007
03:22:30 26/04/2014#Giáo vụ#Trương Nguyễn Huỳnh Anh#Thêm phân công giảng dạy: PC00008
03:22:44 26/04/2014#Giáo vụ#Trương Nguyễn Huỳnh Anh#Thêm phân công giảng dạy: PC00009
03:23:03 26/04/2014#Giáo vụ#Trương Nguyễn Huỳnh Anh#Thêm phân công giảng dạy: PC00010
03:23:30 26/04/2014#Giáo vụ#Trương Nguyễn Huỳnh Anh#Thêm phân công giảng dạy: PC00011
03:23:55 26/04/2014#Giáo vụ#Trương Nguyễn Huỳnh Anh#Thêm phân công giảng dạy: PC00012
03:24:17 26/04/2014#Giáo vụ#Trương Nguyễn Huỳnh Anh#Thêm phân công giảng dạy: PC00013
03:24:23 26/04/2014#Giáo vụ#Trương Nguyễn Huỳnh Anh#Thêm phân công giảng dạy: PC00014
03:25:12 26/04/2014#Giáo vụ#Trương Nguyễn Huỳnh Anh#Thêm phân công giảng dạy: PC00015
03:25:50 26/04/2014#Giáo vụ#Trương Nguyễn Huỳnh Anh#Thêm phân công giảng dạy: PC00016
03:26:31 26/04/2014#Giáo vụ#Trương Nguyễn Huỳnh Anh#Thêm phân công giảng dạy: PC00017
03:26:40 26/04/2014#Giáo vụ#Trương Nguyễn Huỳnh Anh#Đăng xuất
03:26:47 26/04/2014#Giảng viên#Lê Văn Toán#Đăng nhập hệ thống
03:27:37 26/04/2014#Giảng viên#Lê Văn Toán#Thêm đề nghị giảng dạy cho tuần Từ 21/04/2014 -- Đến 27/04/2014
03:28:18 26/04/2014#Giảng viên#Lê Văn Toán#Thêm đề nghị giảng dạy cho tuần Từ 28/04/2014 -- Đến 04/05/2014
03:29:36 26/04/2014#Giảng viên#Lê Văn Toán#Đăng xuất
03:29:46 26/04/2014#Giảng viên#Trương Thị Diễm#Đăng nhập hệ thống
03:31:00 26/04/2014#Giảng viên#Trương Thị Diễm#Khởi động lại chương trình
08:07:20 26/04/2014#Giáo vụ#Khưu Lê Công#Đăng nhập hệ thống
08:10:46 26/04/2014#Giáo vụ#Khưu Lê Công#Thêm mới sinh viên: CTH120002
08:10:56 26/04/2014#Giáo vụ#Khưu Lê Công#Thêm mới sinh viên: CTH120003
08:11:07 26/04/2014#Giáo vụ#Khưu Lê Công#Thêm mới sinh viên: CTH120004
08:11:15 26/04/2014#Giáo vụ#Khưu Lê Công#Thêm mới sinh viên: CTH120005
08:11:23 26/04/2014#Giáo vụ#Khưu Lê Công#Thêm mới sinh viên: CTH120006
08:11:31 26/04/2014#Giáo vụ#Khưu Lê Công#Thêm mới sinh viên: CTH120007
08:11:41 26/04/2014#Giáo vụ#Khưu Lê Công#Thêm mới sinh viên: CTH120008
08:11:50 26/04/2014#Giáo vụ#Khưu Lê Công#Thêm mới sinh viên: CTH120009
08:11:57 26/04/2014#Giáo vụ#Khưu Lê Công#Thêm mới sinh viên: CTH120010
08:12:06 26/04/2014#Giáo vụ#Khưu Lê Công#Thêm mới sinh viên: CTH120011
08:12:13 26/04/2014#Giáo vụ#Khưu Lê Công#Thêm mới sinh viên: CTH120012
08:12:21 26/04/2014#Giáo vụ#Khưu Lê Công#Thêm mới sinh viên: CTH120013
08:12:29 26/04/2014#Giáo vụ#Khưu Lê Công#Thêm mới sinh viên: CTH120014
08:12:40 26/04/2014#Giáo vụ#Khưu Lê Công#Thêm mới sinh viên: CTH120015
08:12:50 26/04/2014#Giáo vụ#Khưu Lê Công#Thêm mới sinh viên: CTH120016
08:13:00 26/04/2014#Giáo vụ#Khưu Lê Công#Thêm mới sinh viên: CTH120017
08:13:18 26/04/2014#Giáo vụ#Khưu Lê Công#Thêm mới sinh viên: CTH120018
08:15:06 26/04/2014#Giáo vụ#Khưu Lê Công#Đăng xuất
08:15:16 26/04/2014#Admin#Nguyễn Thiện An#Đăng nhập hệ thống
08:15:25 26/04/2014#Admin#Nguyễn Thiện An#Kết nối với CSDL: QuanLyDaoTao1
08:15:25 26/04/2014#Admin#Nguyễn Thiện An#Cấu hình kết nối CSDL
08:15:36 26/04/2014#Admin#Nguyễn Thiện An#Khởi động lại chương trình
08:15:54 26/04/2014#Admin#Nguyễn Thiện An#Đăng nhập hệ thống
08:16:34 26/04/2014#Admin#Nguyễn Thiện An#Thêm mới sinh viên: CTH120019
08:16:43 26/04/2014#Admin#Nguyễn Thiện An#Thêm mới sinh viên: CTH120020
08:16:51 26/04/2014#Admin#Nguyễn Thiện An#Thêm mới sinh viên: CTH120021
08:16:59 26/04/2014#Admin#Nguyễn Thiện An#Thêm mới sinh viên: CTH120022
08:17:08 26/04/2014#Admin#Nguyễn Thiện An#Thêm mới sinh viên: CTH120023
08:17:16 26/04/2014#Admin#Nguyễn Thiện An#Thêm mới sinh viên: CTH120024
08:17:24 26/04/2014#Admin#Nguyễn Thiện An#Thêm mới sinh viên: CTH120025
08:17:33 26/04/2014#Admin#Nguyễn Thiện An#Thêm mới sinh viên: CTH120026
08:17:41 26/04/2014#Admin#Nguyễn Thiện An#Thêm mới sinh viên: CTH120027
08:17:49 26/04/2014#Admin#Nguyễn Thiện An#Thêm mới sinh viên: CTH120028
08:18:02 26/04/2014#Admin#Nguyễn Thiện An#Thêm mới sinh viên: CTH120029
08:18:11 26/04/2014#Admin#Nguyễn Thiện An#Thêm mới sinh viên: CTH120030
08:18:20 26/04/2014#Admin#Nguyễn Thiện An#Thêm mới sinh viên: CTH120031
08:18:29 26/04/2014#Admin#Nguyễn Thiện An#Thêm mới sinh viên: CTH120032
08:18:33 26/04/2014#Admin#Nguyễn Thiện An#Đăng xuất
08:18:40 26/04/2014#Giáo vụ#Khưu Lê Công#Đăng nhập hệ thống
08:18:56 26/04/2014#Giáo vụ#Khưu Lê Công#Thêm mới sinh viên: CTH120033
08:19:04 26/04/2014#Giáo vụ#Khưu Lê Công#Thêm mới sinh viên: CTH120034
08:19:13 26/04/2014#Giáo vụ#Khưu Lê Công#Thêm mới sinh viên: CTH120035
08:19:22 26/04/2014#Giáo vụ#Khưu Lê Công#Thêm mới sinh viên: CTH120036
08:19:31 26/04/2014#Giáo vụ#Khưu Lê Công#Thêm mới sinh viên: CTH120037
08:20:03 26/04/2014#Giáo vụ#Khưu Lê Công#Thêm mới sinh viên: CTH130001
08:20:10 26/04/2014#Giáo vụ#Khưu Lê Công#Thêm mới sinh viên: CTH130002
08:20:19 26/04/2014#Giáo vụ#Khưu Lê Công#Thêm mới sinh viên: CTH130003
08:20:28 26/04/2014#Giáo vụ#Khưu Lê Công#Thêm mới sinh viên: CTH130004
08:20:36 26/04/2014#Giáo vụ#Khưu Lê Công#Thêm mới sinh viên: CTH130005
08:20:45 26/04/2014#Giáo vụ#Khưu Lê Công#Thêm mới sinh viên: CTH130006
08:20:53 26/04/2014#Giáo vụ#Khưu Lê Công#Thêm mới sinh viên: CTH130007
08:21:00 26/04/2014#Giáo vụ#Khưu Lê Công#Thêm mới sinh viên: CTH130008
08:21:11 26/04/2014#Giáo vụ#Khưu Lê Công#Thêm mới sinh viên: CTH130009
08:21:19 26/04/2014#Giáo vụ#Khưu Lê Công#Thêm mới sinh viên: CTH130010
08:21:29 26/04/2014#Giáo vụ#Khưu Lê Công#Thêm mới sinh viên: CTH130011
08:21:38 26/04/2014#Giáo vụ#Khưu Lê Công#Thêm mới sinh viên: CTH130012
08:21:47 26/04/2014#Giáo vụ#Khưu Lê Công#Thêm mới sinh viên: CTH130013
08:21:56 26/04/2014#Giáo vụ#Khưu Lê Công#Thêm mới sinh viên: CTH130014
08:22:06 26/04/2014#Giáo vụ#Khưu Lê Công#Thêm mới sinh viên: CTH130015
08:22:14 26/04/2014#Giáo vụ#Khưu Lê Công#Thêm mới sinh viên: CTH130016
08:22:26 26/04/2014#Giáo vụ#Khưu Lê Công#Thêm mới sinh viên: CTH130017
08:22:33 26/04/2014#Giáo vụ#Khưu Lê Công#Thêm mới sinh viên: CTH130018
08:22:39 26/04/2014#Giáo vụ#Khưu Lê Công#Đăng xuất
08:22:43 26/04/2014#Admin#Nguyễn Thiện An#Đăng nhập hệ thống
08:23:25 26/04/2014#Admin#Nguyễn Thiện An#Đăng xuất
08:23:30 26/04/2014#Giáo vụ#Trương Nguyễn Huỳnh Anh#Đăng nhập hệ thống
08:24:01 26/04/2014#Giáo vụ#Trương Nguyễn Huỳnh Anh#Thêm mới sinh viên: DTH110001
08:24:08 26/04/2014#Giáo vụ#Trương Nguyễn Huỳnh Anh#Thêm mới sinh viên: DTH110002
08:24:16 26/04/2014#Giáo vụ#Trương Nguyễn Huỳnh Anh#Thêm mới sinh viên: DTH110003
08:24:32 26/04/2014#Giáo vụ#Trương Nguyễn Huỳnh Anh#Thêm mới sinh viên: DTH110004
08:24:41 26/04/2014#Giáo vụ#Trương Nguyễn Huỳnh Anh#Thêm mới sinh viên: DTH110005
08:24:55 26/04/2014#Giáo vụ#Trương Nguyễn Huỳnh Anh#Thêm mới sinh viên: DTH110006
08:25:03 26/04/2014#Giáo vụ#Trương Nguyễn Huỳnh Anh#Thêm mới sinh viên: DTH110007
08:25:12 26/04/2014#Giáo vụ#Trương Nguyễn Huỳnh Anh#Thêm mới sinh viên: DTH110008
08:25:19 26/04/2014#Giáo vụ#Trương Nguyễn Huỳnh Anh#Thêm mới sinh viên: DTH110009
08:25:27 26/04/2014#Giáo vụ#Trương Nguyễn Huỳnh Anh#Thêm mới sinh viên: DTH110010
08:25:41 26/04/2014#Giáo vụ#Trương Nguyễn Huỳnh Anh#Thêm mới sinh viên: DTH110011
08:25:49 26/04/2014#Giáo vụ#Trương Nguyễn Huỳnh Anh#Thêm mới sinh viên: DTH110012
08:25:58 26/04/2014#Giáo vụ#Trương Nguyễn Huỳnh Anh#Thêm mới sinh viên: DTH110013
08:26:06 26/04/2014#Giáo vụ#Trương Nguyễn Huỳnh Anh#Thêm mới sinh viên: DTH110014
08:26:13 26/04/2014#Giáo vụ#Trương Nguyễn Huỳnh Anh#Thêm mới sinh viên: DTH110015
08:26:35 26/04/2014#Giáo vụ#Trương Nguyễn Huỳnh Anh#Thêm mới sinh viên: DTH110016
08:26:42 26/04/2014#Giáo vụ#Trương Nguyễn Huỳnh Anh#Thêm mới sinh viên: DTH110017
08:26:52 26/04/2014#Giáo vụ#Trương Nguyễn Huỳnh Anh#Thêm mới sinh viên: DTH110018
08:27:02 26/04/2014#Giáo vụ#Trương Nguyễn Huỳnh Anh#Thêm mới sinh viên: DTH110019
08:27:10 26/04/2014#Giáo vụ#Trương Nguyễn Huỳnh Anh#Thêm mới sinh viên: DTH110020
08:27:17 26/04/2014#Giáo vụ#Trương Nguyễn Huỳnh Anh#Thêm mới sinh viên: DTH110021
08:27:27 26/04/2014#Giáo vụ#Trương Nguyễn Huỳnh Anh#Thêm mới sinh viên: DTH110022
08:27:36 26/04/2014#Giáo vụ#Trương Nguyễn Huỳnh Anh#Thêm mới sinh viên: DTH110023
08:27:55 26/04/2014#Giáo vụ#Trương Nguyễn Huỳnh Anh#Thêm mới sinh viên: DTH110024
08:28:10 26/04/2014#Giáo vụ#Trương Nguyễn Huỳnh Anh#Thêm mới sinh viên: DTH110025
08:28:17 26/04/2014#Giáo vụ#Trương Nguyễn Huỳnh Anh#Thêm mới sinh viên: DTH110026
08:28:24 26/04/2014#Giáo vụ#Trương Nguyễn Huỳnh Anh#Thêm mới sinh viên: DTH110027
08:32:51 26/04/2014#Giáo vụ#Trương Nguyễn Huỳnh Anh#Đăng xuất
08:32:56 26/04/2014#Admin#Nguyễn Thiện An#Đăng nhập hệ thống
08:36:48 26/04/2014#Admin#Nguyễn Thiện An#Thêm mới sinh viên: DTH110028
08:37:01 26/04/2014#Admin#Nguyễn Thiện An#Thêm mới sinh viên: DTH110029
08:37:10 26/04/2014#Admin#Nguyễn Thiện An#Thêm mới sinh viên: DTH110030
08:37:46 26/04/2014#Admin#Nguyễn Thiện An#Thêm mới sinh viên: DTH110031
08:38:27 26/04/2014#Admin#Nguyễn Thiện An#Thêm mới sinh viên: DTH110032
08:38:35 26/04/2014#Admin#Nguyễn Thiện An#Thêm mới sinh viên: DTH110033
08:38:42 26/04/2014#Admin#Nguyễn Thiện An#Thêm mới sinh viên: DTH110034
08:38:51 26/04/2014#Admin#Nguyễn Thiện An#Thêm mới sinh viên: DTH110035
08:39:09 26/04/2014#Admin#Nguyễn Thiện An#Thêm mới sinh viên: DTH110036
08:39:17 26/04/2014#Admin#Nguyễn Thiện An#Thêm mới sinh viên: DTH110037
08:39:34 26/04/2014#Admin#Nguyễn Thiện An#Thêm mới sinh viên: DTH110038
08:39:45 26/04/2014#Admin#Nguyễn Thiện An#Thêm mới sinh viên: DTH110039
08:41:03 26/04/2014#Admin#Nguyễn Thiện An#Thêm mới sinh viên: DTH110040
08:49:18 26/04/2014#Admin#Nguyễn Thiện An#Thêm mới sinh viên: DKT120001
08:49:27 26/04/2014#Admin#Nguyễn Thiện An#Thêm mới sinh viên: DKT120002
08:49:34 26/04/2014#Admin#Nguyễn Thiện An#Thêm mới sinh viên: DKT120003
08:49:57 26/04/2014#Admin#Nguyễn Thiện An#Thêm mới sinh viên: DMT120001
08:50:09 26/04/2014#Admin#Nguyễn Thiện An#Thêm mới sinh viên: DMT120002
08:50:17 26/04/2014#Admin#Nguyễn Thiện An#Thêm mới sinh viên: DMT120003
08:50:25 26/04/2014#Admin#Nguyễn Thiện An#Thêm mới sinh viên: DMT120004
08:50:47 26/04/2014#Admin#Nguyễn Thiện An#Thêm mới sinh viên: DMT120005
08:51:01 26/04/2014#Admin#Nguyễn Thiện An#Thêm mới sinh viên: DMT120006
08:51:09 26/04/2014#Admin#Nguyễn Thiện An#Thêm mới sinh viên: DMT120007
08:51:32 26/04/2014#Admin#Nguyễn Thiện An#Thêm mới sinh viên: DMT120008
08:51:40 26/04/2014#Admin#Nguyễn Thiện An#Thêm mới sinh viên: DMT120009
08:52:20 26/04/2014#Admin#Nguyễn Thiện An#Thêm mới sinh viên: DMT120010
08:52:31 26/04/2014#Admin#Nguyễn Thiện An#Thêm mới sinh viên: DMT120011
08:52:43 26/04/2014#Admin#Nguyễn Thiện An#Thêm mới sinh viên: DMT120012
08:52:50 26/04/2014#Admin#Nguyễn Thiện An#Thêm mới sinh viên: DMT120013
08:53:36 26/04/2014#Admin#Nguyễn Thiện An#Thêm mới sinh viên: DQR120001
08:53:51 26/04/2014#Admin#Nguyễn Thiện An#Thêm mới sinh viên: DQR120002
08:53:58 26/04/2014#Admin#Nguyễn Thiện An#Thêm mới sinh viên: DQR120003
08:54:30 26/04/2014#Admin#Nguyễn Thiện An#Thêm mới sinh viên: DQR120004
08:54:38 26/04/2014#Admin#Nguyễn Thiện An#Thêm mới sinh viên: DQR120005
08:54:46 26/04/2014#Admin#Nguyễn Thiện An#Thêm mới sinh viên: DQR120006
08:55:01 26/04/2014#Admin#Nguyễn Thiện An#Thêm mới sinh viên: DQR120007
08:55:10 26/04/2014#Admin#Nguyễn Thiện An#Thêm mới sinh viên: DQR120008
08:55:19 26/04/2014#Admin#Nguyễn Thiện An#Thêm mới sinh viên: DQR120009
08:55:34 26/04/2014#Admin#Nguyễn Thiện An#Thêm mới sinh viên: DQR120010
08:55:42 26/04/2014#Admin#Nguyễn Thiện An#Thêm mới sinh viên: DQR120011
08:55:57 26/04/2014#Admin#Nguyễn Thiện An#Thêm mới sinh viên: DQR120012
08:56:06 26/04/2014#Admin#Nguyễn Thiện An#Thêm mới sinh viên: DQR120013
08:56:24 26/04/2014#Admin#Nguyễn Thiện An#Thêm mới sinh viên: DQR120014
08:56:33 26/04/2014#Admin#Nguyễn Thiện An#Thêm mới sinh viên: DQR120015
08:56:45 26/04/2014#Admin#Nguyễn Thiện An#Thêm mới sinh viên: DQR120016
08:57:08 26/04/2014#Admin#Nguyễn Thiện An#Thêm mới sinh viên: DQR120017
08:57:15 26/04/2014#Admin#Nguyễn Thiện An#Thêm mới sinh viên: DQR120018
08:57:36 26/04/2014#Admin#Nguyễn Thiện An#Thêm mới sinh viên: DQR120019
08:57:38 26/04/2014#Admin#Nguyễn Thiện An#Đăng xuất
08:57:44 26/04/2014#Giáo vụ#Trương Nguyễn Huỳnh Anh#Đăng nhập hệ thống
08:58:10 26/04/2014#Giáo vụ#Trương Nguyễn Huỳnh Anh#Thêm mới sinh viên: DMT120014
08:58:18 26/04/2014#Giáo vụ#Trương Nguyễn Huỳnh Anh#Đăng xuất
08:59:38 26/04/2014#Giáo vụ#Trương Nguyễn Huỳnh Anh#Đăng nhập hệ thống
09:00:09 26/04/2014#Giáo vụ#Trương Nguyễn Huỳnh Anh#Đăng xuất
09:00:17 26/04/2014#Giảng viên#Lê Văn Toán#Đăng nhập hệ thống
09:00:29 26/04/2014#Giảng viên#Lê Văn Toán#Đăng xuất
09:00:40 26/04/2014#Giảng viên#Nguyễn Văn Cỡn#Đăng nhập hệ thống
09:01:27 26/04/2014#Giảng viên#Nguyễn Văn Cỡn#Thêm đề nghị giảng dạy cho tuần Từ 28/04/2014 -- Đến 04/05/2014
09:01:32 26/04/2014#Giảng viên#Nguyễn Văn Cỡn#Đăng xuất
09:01:38 26/04/2014#Giảng viên#Trần Thị Thùy Trang#Đăng nhập hệ thống
09:02:09 26/04/2014#Giảng viên#Trần Thị Thùy Trang#Đăng xuất
09:02:22 26/04/2014#Giảng viên#Nguyễn Văn Hùng#Đăng nhập hệ thống
09:02:35 26/04/2014#Giảng viên#Nguyễn Văn Hùng#Đăng xuất
09:02:40 26/04/2014#Giảng viên#Nguyễn Văn Hùng#Đăng nhập hệ thống
09:02:48 26/04/2014#Giảng viên#Nguyễn Văn Hùng#Đăng xuất
09:02:54 26/04/2014#Giảng viên#Nguyễn Hoàng Tùng#Đăng nhập hệ thống
09:02:58 26/04/2014#Giảng viên#Nguyễn Hoàng Tùng#Xem thời khóa biểu tuần
09:03:35 26/04/2014#Giảng viên#Nguyễn Hoàng Tùng#Khởi động lại chương trình
09:04:04 26/04/2014#Admin#Nguyễn Thiện An#Đăng nhập hệ thống
09:04:07 26/04/2014#Admin#Nguyễn Thiện An#Đăng xuất
09:04:11 26/04/2014#Giảng viên#Nguyễn Hoàng Tùng#Đăng nhập hệ thống
09:06:24 26/04/2014#Giảng viên#Nguyễn Hoàng Tùng#Khởi động lại chương trình
09:06:38 26/04/2014#Admin#Nguyễn Thiện An#Đăng nhập hệ thống
09:06:41 26/04/2014#Admin#Nguyễn Thiện An#Đăng xuất
09:06:47 26/04/2014#Giảng viên#Nguyễn Hoàng Tùng#Đăng nhập hệ thống
09:07:07 26/04/2014#Giảng viên#Nguyễn Hoàng Tùng#Thêm đề nghị giảng dạy cho tuần Từ 28/04/2014 -- Đến 04/05/2014
09:07:15 26/04/2014#Giảng viên#Nguyễn Hoàng Tùng#Đăng xuất
09:07:21 26/04/2014#Giảng viên#Vương Thị Mỹ Tâm#Đăng nhập hệ thống
09:07:44 26/04/2014#Giảng viên#Vương Thị Mỹ Tâm#Đăng xuất
09:07:49 26/04/2014#Giảng viên#Nguyễn Văn Hòa#Đăng nhập hệ thống
09:08:02 26/04/2014#Giảng viên#Nguyễn Văn Hòa#Đăng xuất
09:08:06 26/04/2014#Admin#Nguyễn Thiện An#Đăng nhập hệ thống
09:08:26 26/04/2014#Admin#Nguyễn Thiện An#Đăng xuất
09:08:31 26/04/2014#Giảng viên#Khưu Huỳnh Như#Đăng nhập hệ thống
09:08:39 26/04/2014#Giảng viên#Khưu Huỳnh Như#Đăng xuất
09:08:48 26/04/2014#Giảng viên#Ngô Quốc Việt#Đăng nhập hệ thống
09:09:03 26/04/2014#Giảng viên#Ngô Quốc Việt#Đăng xuất
09:09:05 26/04/2014#Admin#Nguyễn Thiện An#Đăng nhập hệ thống
09:09:34 26/04/2014#Admin#Nguyễn Thiện An#Thêm đề nghị giảng dạy cho tuần Từ 28/04/2014 -- Đến 04/05/2014
09:09:44 26/04/2014#Admin#Nguyễn Thiện An#Đăng xuất
09:09:49 26/04/2014#Giáo vụ#Trương Nguyễn Huỳnh Anh#Đăng nhập hệ thống
09:10:01 26/04/2014#Giáo vụ#Trương Nguyễn Huỳnh Anh#Xem thời khóa biểu
09:17:42 26/04/2014#Admin#Nguyễn Thiện An#Đăng nhập hệ thống
09:28:19 26/04/2014#Admin#Nguyễn Thiện An#Đăng nhập hệ thống
09:28:56 26/04/2014#Admin#Nguyễn Thiện An#Xếp TKB cho phòng B303 Từ 28/04/2014 -- Đến 04/05/2014
09:30:11 26/04/2014#Admin#Nguyễn Thiện An#Xem thời khóa biểu tuần
09:30:44 26/04/2014#Admin#Nguyễn Thiện An#Xem thời khóa biểu tuần
09:31:45 26/04/2014#Admin#Nguyễn Thiện An#Xếp TKB cho phòng D201 Từ 28/04/2014 -- Đến 04/05/2014
09:32:13 26/04/2014#Admin#Nguyễn Thiện An#Nhập phiếu giảng dạy cho lớp CD37TH tuần Từ 28/04/2014 -- Đến 04/05/2014
09:33:16 26/04/2014#Admin#Nguyễn Thiện An#In bảng thanh toán tiền lương cho giảng viên GV0006 từ 29/04/2014 đến 02/05/2014
09:35:30 26/04/2014#Admin#Nguyễn Thiện An#In bảng thanh toán tiền lương cho giảng viên GV0006 từ 29/04/2014 đến 02/05/2014
09:35:42 26/04/2014#Admin#Nguyễn Thiện An#Thanh toán tiền lương cho giảng viên GV0006 từ 29/04/2014 đến 02/05/2014
09:43:03 26/04/2014#Admin#Nguyễn Thiện An#Xem thời khóa biểu
09:43:34 26/04/2014#Admin#Nguyễn Thiện An#Xem thời khóa biểu tuần
09:44:25 26/04/2014#Admin#Nguyễn Thiện An#Xếp TKB cho phòng C505 Từ 28/04/2014 -- Đến 04/05/2014
09:44:32 26/04/2014#Admin#Nguyễn Thiện An#Xếp TKB cho phòng D202 Từ 28/04/2014 -- Đến 04/05/2014
09:44:51 26/04/2014#Admin#Nguyễn Thiện An#Xếp TKB cho phòng D201 Từ 28/04/2014 -- Đến 04/05/2014
09:46:01 26/04/2014#Admin#Nguyễn Thiện An#Khởi động lại chương trình
09:46:24 26/04/2014#Admin#Nguyễn Thiện An#Đăng nhập hệ thống
09:50:44 26/04/2014#Admin#Nguyễn Thiện An#Thêm đề nghị giảng dạy cho tuần Từ 28/04/2014 -- Đến 04/05/2014
09:55:14 26/04/2014#Admin#Nguyễn Thiện An#Xếp TKB cho phòng HT600 Từ 28/04/2014 -- Đến 04/05/2014
09:55:23 26/04/2014#Admin#Nguyễn Thiện An#Xếp TKB cho phòng HT600 Từ 21/04/2014 -- Đến 27/04/2014
09:55:41 26/04/2014#Admin#Nguyễn Thiện An#Xếp TKB cho phòng D201 Từ 21/04/2014 -- Đến 27/04/2014
09:55:53 26/04/2014#Admin#Nguyễn Thiện An#Xem thời khóa biểu tuần
09:57:57 26/04/2014#Admin#Nguyễn Thiện An#Thêm đề nghị giảng dạy cho tuần Từ 28/04/2014 -- Đến 04/05/2014
09:59:25 26/04/2014#Admin#Nguyễn Thiện An#Thêm đề nghị giảng dạy cho tuần Từ 05/05/2014 -- Đến 11/05/2014
09:59:38 26/04/2014#Admin#Nguyễn Thiện An#Thêm đề nghị giảng dạy cho tuần Từ 05/05/2014 -- Đến 11/05/2014
09:59:52 26/04/2014#Admin#Nguyễn Thiện An#Thêm đề nghị giảng dạy cho tuần Từ 05/05/2014 -- Đến 11/05/2014
10:00:07 26/04/2014#Admin#Nguyễn Thiện An#Thêm đề nghị giảng dạy cho tuần Từ 05/05/2014 -- Đến 11/05/2014
10:00:35 26/04/2014#Admin#Nguyễn Thiện An#Thêm đề nghị giảng dạy cho tuần Từ 05/05/2014 -- Đến 11/05/2014
10:00:44 26/04/2014#Admin#Nguyễn Thiện An#Thêm đề nghị giảng dạy cho tuần Từ 05/05/2014 -- Đến 11/05/2014
10:04:23 26/04/2014#Admin#Nguyễn Thiện An#Xem thời khóa biểu tuần
10:05:07 26/04/2014#Admin#Nguyễn Thiện An#Xem thời khóa biểu tuần
10:10:42 26/04/2014#Admin#Nguyễn Thiện An#Khởi động lại chương trình
10:11:02 26/04/2014#Admin#Nguyễn Thiện An#Đăng nhập hệ thống
10:14:19 26/04/2014#Admin#Nguyễn Thiện An#Xem thời khóa biểu tuần
10:15:56 26/04/2014#Admin#Nguyễn Thiện An#Xem thời khóa biểu tuần
10:16:36 26/04/2014#Admin#Nguyễn Thiện An#Xem thời khóa biểu tuần
10:18:49 26/04/2014#Admin#Nguyễn Thiện An#Đăng nhập hệ thống
10:21:00 26/04/2014#Admin#Nguyễn Thiện An#Đăng nhập hệ thống
11:11:58 26/04/2014#Admin#Nguyễn Thiện An#Đăng nhập hệ thống
11:15:51 26/04/2014#Admin#Nguyễn Thiện An#Khởi động lại chương trình
11:17:52 26/04/2014#Admin#Nguyễn Thiện An#Đăng nhập hệ thống
11:18:28 26/04/2014#Admin#Nguyễn Thiện An#Thêm mới ngành học: PM
11:19:49 26/04/2014#Admin#Nguyễn Thiện An#Thêm mới lớp học: DH14PM
11:21:29 26/04/2014#Admin#Nguyễn Thiện An#Đăng xuất
11:21:39 26/04/2014#Giáo vụ#Trương Nguyễn Huỳnh Anh#Đăng nhập hệ thống
11:22:11 26/04/2014#Giáo vụ#Trương Nguyễn Huỳnh Anh#Thêm phân công giảng dạy: PC00018
11:22:42 26/04/2014#Giáo vụ#Trương Nguyễn Huỳnh Anh#Thêm phân công giảng dạy: PC00019
11:22:58 26/04/2014#Giáo vụ#Trương Nguyễn Huỳnh Anh#Xóa phân công giảng dạy: PC00019
11:23:08 26/04/2014#Giáo vụ#Trương Nguyễn Huỳnh Anh#Đăng xuất
11:23:18 26/04/2014#Giảng viên#Lê Văn Toán#Đăng nhập hệ thống
11:24:13 26/04/2014#Giảng viên#Lê Văn Toán#Thêm đề nghị giảng dạy cho tuần Từ 05/05/2014 -- Đến 11/05/2014
11:24:40 26/04/2014#Giảng viên#Lê Văn Toán#Đăng xuất
11:24:48 26/04/2014#Giáo vụ#Khưu Lê Công#Đăng nhập hệ thống
11:26:49 26/04/2014#Giáo vụ#Khưu Lê Công#Khởi động lại chương trình
11:27:22 26/04/2014#Giáo vụ#Khưu Lê Công#Đăng nhập hệ thống
11:29:01 26/04/2014#Giáo vụ#Khưu Lê Công#Xếp TKB cho phòng B303 Từ 05/05/2014 -- Đến 11/05/2014
11:29:47 26/04/2014#Giáo vụ#Khưu Lê Công#Xếp TKB cho phòng HT150A Từ 05/05/2014 -- Đến 11/05/2014
11:30:40 26/04/2014#Giáo vụ#Khưu Lê Công#Nhập phiếu giảng dạy cho lớp DH12TH tuần Từ 21/04/2014 -- Đến 27/04/2014
11:31:41 26/04/2014#Giáo vụ#Khưu Lê Công#Nhập phiếu giảng dạy cho lớp CD38TH tuần Từ 28/04/2014 -- Đến 04/05/2014
11:32:09 26/04/2014#Giáo vụ#Khưu Lê Công#Nhập phiếu giảng dạy cho lớp DH13MT tuần Từ 28/04/2014 -- Đến 04/05/2014
11:32:30 26/04/2014#Giáo vụ#Khưu Lê Công#Đăng xuất
11:32:33 26/04/2014#Admin#Nguyễn Thiện An#Đăng nhập hệ thống
11:32:38 26/04/2014#Admin#Nguyễn Thiện An#Xem phiếu giảng dạy
11:33:51 26/04/2014#Admin#Nguyễn Thiện An#Xem phiếu giảng dạy
11:34:53 26/04/2014#Admin#Nguyễn Thiện An#In bảng thanh toán tiền lương cho giảng viên GV0001 từ 01/04/2014 đến 30/04/2014
11:36:04 26/04/2014#Admin#Nguyễn Thiện An#Thanh toán tiền lương cho giảng viên GV0001 từ 21/04/2014 đến 27/04/2014
11:36:14 26/04/2014#Admin#Nguyễn Thiện An#Đăng xuất
11:36:18 26/04/2014#Admin#Nguyễn Thiện An#Đăng nhập hệ thống
11:36:42 26/04/2014#Admin#Nguyễn Thiện An#Đăng xuất
11:36:49 26/04/2014#Sinh viên#Chau Kim Anh#Đăng nhập hệ thống
11:36:59 26/04/2014#Sinh viên#Chau Kim Anh#Xem thời khóa biểu tuần
11:37:45 26/04/2014#Sinh viên#Chau Kim Anh#Đăng xuất
11:37:53 26/04/2014#Giảng viên#Lê Văn Toán#Đăng nhập hệ thống
11:37:56 26/04/2014#Giảng viên#Lê Văn Toán#Xem thời khóa biểu tuần
11:38:43 26/04/2014#Giảng viên#Lê Văn Toán#Xem phiếu giảng dạy
11:38:58 26/04/2014#Giảng viên#Lê Văn Toán#Xem thời khóa biểu tuần
11:38:59 26/04/2014#Giảng viên#Lê Văn Toán#Xem phiếu giảng dạy
11:39:02 26/04/2014#Giảng viên#Lê Văn Toán#Xem thời khóa biểu tuần
11:39:03 26/04/2014#Giảng viên#Lê Văn Toán#Xem phiếu giảng dạy
11:39:07 26/04/2014#Giảng viên#Lê Văn Toán#Đăng xuất
11:39:16 26/04/2014#Sinh viên#Chau Kim Anh#Đăng nhập hệ thống
11:39:17 26/04/2014#Sinh viên#Chau Kim Anh#Thoát chương trình mà không đăng xuất
11:39:34 26/04/2014#Admin#Nguyễn Thiện An#Đăng nhập hệ thống
11:39:35 26/04/2014#Admin#Nguyễn Thiện An#Đăng xuất
11:39:43 26/04/2014#Sinh viên#Chau Kim Anh#Đăng nhập hệ thống
11:39:47 26/04/2014#Sinh viên#Chau Kim Anh#Xem thời khóa biểu tuần
11:39:48 26/04/2014#Sinh viên#Chau Kim Anh#Xem thời khóa biểu tuần
11:39:48 26/04/2014#Sinh viên#Chau Kim Anh#Xem thời khóa biểu tuần
11:39:49 26/04/2014#Sinh viên#Chau Kim Anh#Xem thời khóa biểu tuần
11:39:49 26/04/2014#Sinh viên#Chau Kim Anh#Xem thời khóa biểu tuần
11:39:49 26/04/2014#Sinh viên#Chau Kim Anh#Xem thời khóa biểu tuần
11:39:49 26/04/2014#Sinh viên#Chau Kim Anh#Xem thời khóa biểu tuần
11:39:53 26/04/2014#Sinh viên#Chau Kim Anh#Đăng xuất
11:39:58 26/04/2014#Giáo vụ#Trương Nguyễn Huỳnh Anh#Đăng nhập hệ thống
11:40:02 26/04/2014#Giáo vụ#Trương Nguyễn Huỳnh Anh#Xem thời khóa biểu
11:40:11 26/04/2014#Giáo vụ#Trương Nguyễn Huỳnh Anh#Xem thời khóa biểu
11:40:39 26/04/2014#Giáo vụ#Trương Nguyễn Huỳnh Anh#Đăng xuất
11:40:42 26/04/2014#Admin#Nguyễn Thiện An#Đăng nhập hệ thống
11:41:02 26/04/2014#Admin#Nguyễn Thiện An#Xem thời khóa biểu tuần
11:51:42 26/04/2014#Admin#Nguyễn Thiện An#Xem thời khóa biểu
21:57:00 26/04/2014#Admin#Nguyễn Thiện An#Đăng nhập hệ thống
21:57:17 26/04/2014#Admin#Nguyễn Thiện An#Tạo mới CSDL: ABC
21:57:37 26/04/2014#Admin#Nguyễn Thiện An#Kết nối với CSDL: ABC
21:57:37 26/04/2014#Admin#Nguyễn Thiện An#Cấu hình kết nối CSDL
21:58:11 26/04/2014#Admin#Nguyễn Thiện An#Xóa sinh viên CTS110002
21:58:14 26/04/2014#Admin#Nguyễn Thiện An#Xóa sinh viên CTS110004
21:58:27 26/04/2014#Admin#Nguyễn Thiện An#Thoát chương trình mà không đăng xuất
22:18:15 26/04/2014#Admin#Nguyễn Thiện An#Đăng nhập hệ thống
22:18:49 26/04/2014#Admin#Nguyễn Thiện An#Kết nối với CSDL: avc
22:18:49 26/04/2014#Admin#Nguyễn Thiện An#Cấu hình kết nối CSDL
22:19:29 26/04/2014#Admin#Nguyễn Thiện An#Tạo mới CSDL: zzz
22:19:35 26/04/2014#Admin#Nguyễn Thiện An#Kết nối với CSDL: zzz
22:19:35 26/04/2014#Admin#Nguyễn Thiện An#Cấu hình kết nối CSDL
23:09:21 26/04/2014#Admin#Nguyễn Thiện An#Đăng nhập hệ thống
23:10:02 26/04/2014#Admin#Nguyễn Thiện An#Thoát chương trình mà không đăng xuất
23:15:42 26/04/2014#Admin#Nguyễn Thiện An#Đăng nhập hệ thống
23:19:03 26/04/2014#Admin#Nguyễn Thiện An#Đăng nhập hệ thống
23:20:31 26/04/2014#Admin#Nguyễn Thiện An#Đăng nhập hệ thống
23:21:02 26/04/2014#Admin#Nguyễn Thiện An#Tạo mới CSDL: qa
23:21:10 26/04/2014#Admin#Nguyễn Thiện An#Kết nối với CSDL: qa
23:21:10 26/04/2014#Admin#Nguyễn Thiện An#Cấu hình kết nối CSDL
23:21:19 26/04/2014#Admin#Nguyễn Thiện An#Khởi động lại chương trình
23:21:38 26/04/2014#Admin#Nguyễn Thiện An#Đăng nhập hệ thống
23:22:16 26/04/2014#Admin#Nguyễn Thiện An#Kết nối với CSDL: qa
23:22:16 26/04/2014#Admin#Nguyễn Thiện An#Cấu hình kết nối CSDL
23:22:25 26/04/2014#Admin#Nguyễn Thiện An#Khởi động lại chương trình
23:22:50 26/04/2014#Admin#Nguyễn Thiện An#Đăng nhập hệ thống
23:23:06 26/04/2014#Admin#Nguyễn Thiện An#Kết nối với CSDL: qa
23:23:06 26/04/2014#Admin#Nguyễn Thiện An#Cấu hình kết nối CSDL
23:23:15 26/04/2014#Admin#Nguyễn Thiện An#Khởi động lại chương trình
23:23:33 26/04/2014#Admin#Nguyễn Thiện An#Đăng nhập hệ thống
23:35:55 26/04/2014#Admin#Nguyễn Thiện An#Đăng nhập hệ thống
23:44:47 26/04/2014#Admin#Nguyễn Thiện An#Đăng nhập hệ thống
23:45:01 26/04/2014#Admin#Nguyễn Thiện An#Đăng xuất
23:45:57 26/04/2014#Admin#Nguyễn Thiện An#Đăng nhập hệ thống
23:51:12 26/04/2014#Admin#Nguyễn Thiện An#Đăng nhập hệ thống
23:51:41 26/04/2014#Admin#Nguyễn Thiện An#Tạo mới CSDL: tr
23:51:45 26/04/2014#Admin#Nguyễn Thiện An#Kết nối với CSDL: tr
23:51:48 26/04/2014#Admin#Nguyễn Thiện An#Cấu hình kết nối CSDL
23:52:28 26/04/2014#Admin#Nguyễn Thiện An#Đăng nhập hệ thống
23:53:21 26/04/2014#Admin#Nguyễn Thiện An#Kết nối với CSDL: tr
23:53:23 26/04/2014#Admin#Nguyễn Thiện An#Cấu hình kết nối CSDL
23:53:49 26/04/2014#Admin#Nguyễn Thiện An#Đăng nhập hệ thống
23:53:58 26/04/2014#Admin#Nguyễn Thiện An#Kết nối với CSDL: tr
23:54:02 26/04/2014#Admin#Nguyễn Thiện An#Cấu hình kết nối CSDL
23:54:15 26/04/2014#Admin#Nguyễn Thiện An#Đăng nhập hệ thống
23:54:27 26/04/2014#Admin#Nguyễn Thiện An#Kết nối với CSDL: tr
23:54:28 26/04/2014#Admin#Nguyễn Thiện An#Cấu hình kết nối CSDL
23:54:45 26/04/2014#Admin#Nguyễn Thiện An#Đăng nhập hệ thống
23:55:51 26/04/2014#Admin#Nguyễn Thiện An#Kết nối với CSDL: tr
23:55:53 26/04/2014#Admin#Nguyễn Thiện An#Cấu hình kết nối CSDL
23:56:10 26/04/2014#Admin#Nguyễn Thiện An#Đăng nhập hệ thống
23:57:08 26/04/2014#Admin#Nguyễn Thiện An#Đăng nhập hệ thống
00:00:00 27/04/2014#Admin#Nguyễn Thiện An#Đăng nhập hệ thống
00:10:14 27/04/2014#Admin#Nguyễn Thiện An#Đăng nhập hệ thống
00:10:32 27/04/2014#Admin#Nguyễn Thiện An#Tạo dữ liệu mẫu cho ứng dụng
00:10:40 27/04/2014#Admin#Nguyễn Thiện An#Kết nối với CSDL: pi
00:10:41 27/04/2014#Admin#Nguyễn Thiện An#Cấu hình kết nối CSDL
00:10:54 27/04/2014#Admin#Nguyễn Thiện An#Đăng nhập hệ thống
00:11:07 27/04/2014#Admin#Nguyễn Thiện An#Xem thời khóa biểu tuần
00:12:50 27/04/2014#Admin#Nguyễn Thiện An#Khởi động lại chương trình
00:13:07 27/04/2014#Admin#Nguyễn Thiện An#Đăng nhập hệ thống
00:13:10 27/04/2014#Admin#Nguyễn Thiện An#Khởi động lại chương trình
00:13:21 27/04/2014#Admin#Nguyễn Thiện An#Đăng nhập hệ thống
00:19:32 27/04/2014#Admin#Nguyễn Thiện An#Đăng nhập hệ thống
00:21:28 27/04/2014#Admin#Nguyễn Thiện An#Tạo mới CSDL: ut
00:21:32 27/04/2014#Admin#Nguyễn Thiện An#Kết nối với CSDL: ut
00:21:35 27/04/2014#Admin#Nguyễn Thiện An#Cấu hình kết nối CSDL
00:21:48 27/04/2014#Admin#Nguyễn Thiện An#Đăng nhập hệ thống
00:22:13 27/04/2014#Admin#Nguyễn Thiện An#Tạo dữ liệu mẫu cho ứng dụng
00:23:01 27/04/2014#Admin#Nguyễn Thiện An#Khởi động lại chương trình
00:23:13 27/04/2014#Admin#Nguyễn Thiện An#Đăng nhập hệ thống
00:23:50 27/04/2014#Admin#Nguyễn Thiện An#Thêm đề nghị giảng dạy cho tuần Từ 28/04/2014 -- Đến 04/05/2014
00:24:20 27/04/2014#Admin#Nguyễn Thiện An#Xếp TKB cho phòng D201 Từ 28/04/2014 -- Đến 04/05/2014
00:24:26 27/04/2014#Admin#Nguyễn Thiện An#Xem thời khóa biểu tuần
00:25:00 27/04/2014#Admin#Nguyễn Thiện An#Kết nối với CSDL: QuanLyDaoTao1
00:25:01 27/04/2014#Admin#Nguyễn Thiện An#Cấu hình kết nối CSDL
00:25:14 27/04/2014#Admin#Nguyễn Thiện An#Đăng nhập hệ thống
00:26:27 27/04/2014#Admin#Nguyễn Thiện An#Kết nối với CSDL: QuanLyDaoTao1
00:26:28 27/04/2014#Admin#Nguyễn Thiện An#Cấu hình kết nối CSDL
00:28:01 27/04/2014#Admin#Nguyễn Thiện An#Đăng nhập hệ thống
00:28:11 27/04/2014#Admin#Nguyễn Thiện An#Kết nối với CSDL: QuanLyDaoTao1
00:28:12 27/04/2014#Admin#Nguyễn Thiện An#Cấu hình kết nối CSDL
00:29:12 27/04/2014#Admin#Nguyễn Thiện An#Đăng nhập hệ thống
00:30:43 27/04/2014#Admin#Nguyễn Thiện An#Đăng nhập hệ thống
00:31:15 27/04/2014#Admin#Nguyễn Thiện An#Đăng nhập hệ thống
00:34:09 27/04/2014#Admin#Nguyễn Thiện An#Đăng nhập hệ thống
01:45:02 27/04/2014#Admin#Nguyễn Thiện An#Đăng nhập hệ thống
01:53:54 27/04/2014#Admin#Nguyễn Thiện An#Xem thời khóa biểu tuần
01:54:37 27/04/2014#Admin#Nguyễn Thiện An#Xem thời khóa biểu tuần
01:56:16 27/04/2014#Admin#Nguyễn Thiện An#Xem thời khóa biểu tuần
11:17:46 27/04/2014#Admin#Nguyễn Thiện An#Đăng nhập hệ thống
11:18:04 27/04/2014#Admin#Nguyễn Thiện An#Đăng xuất
11:18:15 27/04/2014#Admin#Nguyễn Thiện An#Đăng nhập hệ thống
11:18:21 27/04/2014#Admin#Nguyễn Thiện An#Khởi động lại chương trình
11:18:39 27/04/2014#Admin#Nguyễn Thiện An#Đăng nhập hệ thống
11:18:41 27/04/2014#Admin#Nguyễn Thiện An#Khởi động lại chương trình
11:19:47 27/04/2014#Admin#Nguyễn Thiện An#Đăng nhập hệ thống
11:19:50 27/04/2014#Admin#Nguyễn Thiện An#Khởi động lại chương trình
11:20:19 27/04/2014#Admin#Nguyễn Thiện An#Đăng nhập hệ thống
11:20:21 27/04/2014#Admin#Nguyễn Thiện An#Đăng xuất
11:20:24 27/04/2014#Admin#Nguyễn Thiện An#Đăng nhập hệ thống
11:20:26 27/04/2014#Admin#Nguyễn Thiện An#Đăng xuất
11:20:29 27/04/2014#Admin#Nguyễn Thiện An#Đăng nhập hệ thống
11:20:30 27/04/2014#Admin#Nguyễn Thiện An#Đăng xuất
11:20:38 27/04/2014#Giáo vụ#Trương Nguyễn Huỳnh Anh#Đăng nhập hệ thống
11:20:39 27/04/2014#Giáo vụ#Trương Nguyễn Huỳnh Anh#Đăng xuất
11:20:45 27/04/2014#Giáo vụ#Trương Nguyễn Huỳnh Anh#Đăng nhập hệ thống
11:20:47 27/04/2014#Giáo vụ#Trương Nguyễn Huỳnh Anh#Đăng xuất
11:20:50 27/04/2014#Giáo vụ#Trương Nguyễn Huỳnh Anh#Đăng nhập hệ thống
11:20:52 27/04/2014#Giáo vụ#Trương Nguyễn Huỳnh Anh#Khởi động lại chương trình
11:21:25 27/04/2014#Giáo vụ#Trương Nguyễn Huỳnh Anh#Đăng nhập hệ thống
11:21:48 27/04/2014#Admin#Nguyễn Thiện An#Đăng nhập hệ thống
11:29:02 27/04/2014#Admin#Nguyễn Thiện An#Đăng nhập hệ thống
11:41:45 27/04/2014#Admin#Nguyễn Thiện An#Đăng nhập hệ thống
10:16:14 21/04/2014#Admin#Nguyễn Thiện An#Đăng nhập hệ thống
10:18:03 21/04/2014#Admin#Nguyễn Thiện An#Đăng nhập hệ thống
10:18:07 21/04/2014#Admin#Nguyễn Thiện An#Xem thời khóa biểu tuần
10:34:21 21/04/2014#Admin#Nguyễn Thiện An#Đăng nhập hệ thống
10:39:25 21/04/2014#Admin#Nguyễn Thiện An#Đăng nhập hệ thống
10:41:05 21/04/2014#Admin#Nguyễn Thiện An#Đăng nhập hệ thống
10:59:07 21/04/2014#Admin#Nguyễn Thiện An#Đăng nhập hệ thống
11:01:18 21/04/2014#Admin#Nguyễn Thiện An#Thêm đề nghị giảng dạy cho tuần Từ 28/04/2014 -- Đến 04/05/2014
11:03:50 21/04/2014#Admin#Nguyễn Thiện An#Đăng nhập hệ thống
11:04:42 21/04/2014#Admin#Nguyễn Thiện An#Thêm đề nghị giảng dạy cho tuần Từ 21/04/2014 -- Đến 27/04/2014
11:05:01 21/04/2014#Admin#Nguyễn Thiện An#Thêm đề nghị giảng dạy cho tuần Từ 21/04/2014 -- Đến 27/04/2014
11:20:07 21/04/2014#Giáo vụ#Trương Nguyễn Huỳnh Anh#Đăng nhập hệ thống
11:20:10 21/04/2014#Giáo vụ#Trương Nguyễn Huỳnh Anh#Đăng xuất
11:20:16 21/04/2014#Admin#Nguyễn Thiện An#Đăng nhập hệ thống
11:20:57 21/04/2014#Admin#Nguyễn Thiện An#Xem thời khóa biểu tuần
11:21:26 21/04/2014#Admin#Nguyễn Thiện An#Thêm đề nghị giảng dạy cho tuần Từ 21/04/2014 -- Đến 27/04/2014
11:21:36 21/04/2014#Admin#Nguyễn Thiện An#Xếp TKB cho phòng D201 Từ 21/04/2014 -- Đến 27/04/2014
11:22:07 21/04/2014#Admin#Nguyễn Thiện An#Nhập phiếu giảng dạy cho lớp DH12TH tuần Từ 21/04/2014 -- Đến 27/04/2014
11:22:58 21/04/2014#Admin#Nguyễn Thiện An#In bảng thanh toán tiền lương cho giảng viên GV0002 từ 01/04/2014 đến 30/04/2014
11:24:03 21/04/2014#Admin#Nguyễn Thiện An#Xem thời khóa biểu tuần
11:24:19 21/04/2014#Admin#Nguyễn Thiện An#Xem phiếu giảng dạy
11:24:38 21/04/2014#Admin#Nguyễn Thiện An#Xem phiếu giảng dạy
11:27:56 21/04/2014#Admin#Nguyễn Thiện An#Xem phiếu giảng dạy
11:37:06 21/04/2014#Admin#Nguyễn Thiện An#Xem thời khóa biểu tuần
11:39:17 21/04/2014#Admin#Nguyễn Thiện An#Xem phiếu giảng dạy
11:39:20 21/04/2014#Admin#Nguyễn Thiện An#Xem phiếu giảng dạy
11:39:35 21/04/2014#Admin#Nguyễn Thiện An#Xếp TKB cho phòng D201 Từ 21/04/2014 -- Đến 27/04/2014
11:39:50 21/04/2014#Admin#Nguyễn Thiện An#Xem phiếu giảng dạy
11:40:56 21/04/2014#Admin#Nguyễn Thiện An#Xem thời khóa biểu tuần
14:06:04 21/04/2014#Admin#Nguyễn Thiện An#Đăng nhập hệ thống
14:08:40 21/04/2014#Giảng viên#Lê Văn Toán#Đăng nhập hệ thống
14:09:09 21/04/2014#Sinh viên#Chau Kim Anh#Đăng nhập hệ thống
14:09:37 21/04/2014#Giáo vụ#Trương Nguyễn Huỳnh Anh#Đăng nhập hệ thống
14:12:15 21/04/2014#Admin#Nguyễn Thiện An#Đăng nhập hệ thống
14:13:30 21/04/2014#Admin#Nguyễn Thiện An#Khởi động lại chương trình
14:13:49 21/04/2014#Admin#Nguyễn Thiện An#Đăng nhập hệ thống
14:13:59 21/04/2014#Admin#Nguyễn Thiện An#Thêm đề nghị giảng dạy cho tuần Từ 21/04/2014 -- Đến 27/04/2014
14:14:18 21/04/2014#Admin#Nguyễn Thiện An#Thêm đề nghị giảng dạy cho tuần Từ 21/04/2014 -- Đến 27/04/2014
14:15:30 21/04/2014#Admin#Nguyễn Thiện An#Thêm đề nghị giảng dạy cho tuần Từ 05/05/2014 -- Đến 11/05/2014
14:17:13 21/04/2014#Admin#Nguyễn Thiện An#Xếp TKB cho phòng D201 Từ 05/05/2014 -- Đến 11/05/2014
14:20:20 21/04/2014#Admin#Nguyễn Thiện An#Đăng xuất
14:20:30 21/04/2014#Sinh viên#Chau Kim Anh#Đăng nhập hệ thống
14:20:34 21/04/2014#Sinh viên#Chau Kim Anh#Xem thời khóa biểu tuần
